<?xml version="1.0" encoding="UTF-8"?>
<coverage generated="1765171793015" clover="3.2.0">
  <project timestamp="1765171793015" name="All files">
    <metrics statements="4" coveredstatements="4" conditionals="0" coveredconditionals="0" methods="3" coveredmethods="3" elements="7" coveredelements="7" complexity="0" loc="4" ncloc="4" packages="1" files="1" classes="1"/>
    <file name="css-class-names.ts" path="/Users/sandibekibraimov/projects/prod-project/src/shared/helpers/class-names/css-class-names.ts">
      <metrics statements="4" coveredstatements="4" conditionals="0" coveredconditionals="0" methods="3" coveredmethods="3"/>
      <line num="3" count="1" type="stmt"/>
      <line num="8" count="3" type="stmt"/>
      <line num="12" count="3" type="stmt"/>
      <line num="13" count="2" type="stmt"/>
    </file>
  </project>
</coverage>
