{"/Users/sandibekibraimov/projects/prod-project/src/shared/helpers/class-names/css-class-names.ts": {"path":"/Users/sandibekibraimov/projects/prod-project/src/shared/helpers/class-names/css-class-names.ts","statementMap":{"0":{"start":{"line":3,"column":29},"end":{"line":15,"column":1}},"1":{"start":{"line":8,"column":2},"end":{"line":14,"column":14}},"2":{"start":{"line":12,"column":30},"end":{"line":12,"column":44}},"3":{"start":{"line":13,"column":28},"end":{"line":13,"column":37}}},"fnMap":{"0":{"name":"(anonymous_0)","decl":{"start":{"line":3,"column":29},"end":{"line":3,"column":30}},"loc":{"start":{"line":7,"column":13},"end":{"line":15,"column":1}},"line":7},"1":{"name":"(anonymous_1)","decl":{"start":{"line":12,"column":14},"end":{"line":12,"column":15}},"loc":{"start":{"line":12,"column":30},"end":{"line":12,"column":44}},"line":12},"2":{"name":"(anonymous_2)","decl":{"start":{"line":13,"column":11},"end":{"line":13,"column":12}},"loc":{"start":{"line":13,"column":28},"end":{"line":13,"column":37}},"line":13}},"branchMap":{},"s":{"0":1,"1":3,"2":3,"3":2},"f":{"0":3,"1":3,"2":2},"b":{},"_coverageSchema":"1a1c01bbd47fc00a2c39e90264f33305004495a9","hash":"4b852832973aca3db02228a41d62955e4d80774a"}
}
