{"/Users/sandibekibraimov/Projects/prod-project/src/shared/lib/helpers/classnames.ts": {"path":"/Users/sandibekibraimov/Projects/prod-project/src/shared/lib/helpers/classnames.ts","statementMap":{"0":{"start":{"line":3,"column":26},"end":{"line":9,"column":11}},"1":{"start":{"line":3,"column":87},"end":{"line":9,"column":11}},"2":{"start":{"line":6,"column":32},"end":{"line":6,"column":46}},"3":{"start":{"line":7,"column":33},"end":{"line":7,"column":42}}},"fnMap":{"0":{"name":"(anonymous_0)","decl":{"start":{"line":3,"column":26},"end":{"line":3,"column":27}},"loc":{"start":{"line":3,"column":87},"end":{"line":9,"column":11}},"line":3},"1":{"name":"(anonymous_1)","decl":{"start":{"line":6,"column":16},"end":{"line":6,"column":17}},"loc":{"start":{"line":6,"column":32},"end":{"line":6,"column":46}},"line":6},"2":{"name":"(anonymous_2)","decl":{"start":{"line":7,"column":13},"end":{"line":7,"column":14}},"loc":{"start":{"line":7,"column":33},"end":{"line":7,"column":42}},"line":7}},"branchMap":{},"s":{"0":1,"1":4,"2":3,"3":2},"f":{"0":4,"1":3,"2":2},"b":{},"_coverageSchema":"1a1c01bbd47fc00a2c39e90264f33305004495a9","hash":"51281808e84ae583ee1a55f2f90cd1d19f49509e"}
}
